[25/Apr/2017 14:19:12] "GET /static/js/admin_list.js HTTP/1.1" 304 0
[25/Apr/2017 14:19:12] "GET /admin_list/ HTTP/1.1" 200 2769
[25/Apr/2017 14:19:12] "GET /static/bootstrap/css/bootstrap.min.css HTTP/1.1" 304 0
[25/Apr/2017 14:19:13] "GET /static/bootstrap/js/bootstrap.min.js HTTP/1.1" 304 0
[25/Apr/2017 14:19:13] "GET /static/js/jquery-3.1.1.min.js HTTP/1.1" 304 0
[25/Apr/2017 14:19:13] "GET /static/js/csrf.js HTTP/1.1" 304 0
[25/Apr/2017 14:19:13] "GET /static/css/survey.css HTTP/1.1" 304 0
[25/Apr/2017 14:19:13] "GET /static/js/header_footer.js HTTP/1.1" 304 0
[25/Apr/2017 14:19:13] "GET /static/bootstrap/fonts/glyphicons-halflings-regular.woff HTTP/1.1" 304 0
[25/Apr/2017 14:19:13] "POST /admin_list/ HTTP/1.1" 200 18
[25/Apr/2017 14:19:17] "GET /index/ HTTP/1.1" 200 7018
[25/Apr/2017 14:19:17] "GET /static/js/index.js HTTP/1.1" 304 0
[25/Apr/2017 14:20:14] "GET / HTTP/1.1" 200 2201
Not Found: /favicon.ico
[25/Apr/2017 14:20:14] "GET /favicon.ico HTTP/1.1" 404 3425
[25/Apr/2017 14:20:16] "GET /profile/23/ HTTP/1.1" 200 2847
[25/Apr/2017 14:20:16] "GET /logout/ HTTP/1.1" 302 0
[25/Apr/2017 14:20:16] "GET /login/ HTTP/1.1" 200 1075
[25/Apr/2017 14:20:30] "POST /login/ HTTP/1.1" 302 0
[25/Apr/2017 14:20:30] "GET /index/ HTTP/1.1" 200 2201
[25/Apr/2017 14:20:32] "GET /logout/ HTTP/1.1" 302 0
[25/Apr/2017 14:20:32] "GET /login/ HTTP/1.1" 200 1075
[25/Apr/2017 14:21:33] "GET /login/ HTTP/1.1" 302 0
[25/Apr/2017 14:21:33] "GET /index/ HTTP/1.1" 200 2201
[25/Apr/2017 14:21:33] "GET /static/js/csrf.js HTTP/1.1" 200 1690
[25/Apr/2017 14:21:33] "GET /static/js/header_footer.js HTTP/1.1" 200 253
[25/Apr/2017 14:21:33] "GET /static/bootstrap/css/bootstrap.min.css HTTP/1.1" 200 114011
[25/Apr/2017 14:21:33] "GET /static/js/index.js HTTP/1.1" 200 848
[25/Apr/2017 14:21:33] "GET /static/js/jquery-3.1.1.min.js HTTP/1.1" 200 86709
[25/Apr/2017 14:21:33] "GET /static/bootstrap/js/bootstrap.min.js HTTP/1.1" 200 34654
[25/Apr/2017 14:21:33] "GET /static/bootstrap/fonts/glyphicons-halflings-regular.eot HTTP/1.1" 200 20335
[25/Apr/2017 14:21:38] "GET /survey/22 HTTP/1.1" 301 0
[25/Apr/2017 14:21:38] "GET /survey/22/ HTTP/1.1" 200 2971
[25/Apr/2017 14:21:38] "GET /static/css/survey.css HTTP/1.1" 200 3059
[25/Apr/2017 14:21:38] "GET /static/js/nicEdit-latest.js HTTP/1.1" 200 38295
[25/Apr/2017 14:21:38] "GET /static/js/echart_basic.js HTTP/1.1" 200 3904
[25/Apr/2017 14:21:38] "GET /static/js/survey.js HTTP/1.1" 200 1911
[25/Apr/2017 14:21:38] "GET /static/js/survey_create.js HTTP/1.1" 200 47828
[25/Apr/2017 14:21:38] "GET /static/js/survey_show.js HTTP/1.1" 200 28200
[25/Apr/2017 14:21:38] "GET /static/js/echarts.min.js HTTP/1.1" 200 618883
[25/Apr/2017 14:21:45] "GET /index/ HTTP/1.1" 200 2201
[25/Apr/2017 14:21:51] "GET /index/ HTTP/1.1" 200 7018
[25/Apr/2017 14:21:51] "GET /static/js/csrf.js HTTP/1.1" 200 1690
[25/Apr/2017 14:21:51] "GET /static/js/header_footer.js HTTP/1.1" 200 253
[25/Apr/2017 14:21:51] "GET /static/js/index.js HTTP/1.1" 200 848
[25/Apr/2017 14:21:51] "GET /static/js/jquery-3.1.1.min.js HTTP/1.1" 200 86709
[25/Apr/2017 14:21:51] "GET /static/bootstrap/css/bootstrap.min.css HTTP/1.1" 200 114011
[25/Apr/2017 14:21:51] "GET /static/bootstrap/js/bootstrap.min.js HTTP/1.1" 200 34654
[25/Apr/2017 14:21:51] "GET /static/bootstrap/fonts/glyphicons-halflings-regular.eot? HTTP/1.1" 200 20335
Not Found: /favicon.ico
[25/Apr/2017 14:21:51] "GET /favicon.ico HTTP/1.1" 404 3425
[25/Apr/2017 14:22:00] "GET /profile/1 HTTP/1.1" 301 0
[25/Apr/2017 14:22:00] "GET /profile/1/ HTTP/1.1" 200 3551
[25/Apr/2017 14:22:00] "GET /static/js/profile.js HTTP/1.1" 200 166
Not Found: /favicon.ico
[25/Apr/2017 14:22:00] "GET /favicon.ico HTTP/1.1" 404 3425
[25/Apr/2017 14:22:01] "GET /static/head/38.jpg HTTP/1.1" 200 6985
[25/Apr/2017 14:22:05] "GET /admin_list/ HTTP/1.1" 200 2769
[25/Apr/2017 14:22:05] "GET /static/css/survey.css HTTP/1.1" 200 3059
[25/Apr/2017 14:22:05] "GET /static/js/admin_list.js HTTP/1.1" 200 1793
[25/Apr/2017 14:22:05] "POST /admin_list/ HTTP/1.1" 200 18
[25/Apr/2017 14:22:08] "GET /user_list/ HTTP/1.1" 200 6166
[25/Apr/2017 14:22:08] "GET /static/js/user_list.js HTTP/1.1" 200 7977
[25/Apr/2017 14:22:08] "GET /static/js/jpage.js HTTP/1.1" 200 3508
[25/Apr/2017 14:22:08] "GET /static/css/jpage.css HTTP/1.1" 200 892
[25/Apr/2017 14:22:08] "POST /user_list/ HTTP/1.1" 200 1668
[25/Apr/2017 14:22:09] "GET /search/ HTTP/1.1" 200 2831
[25/Apr/2017 14:22:09] "GET /static/js/search.js HTTP/1.1" 200 1143
[25/Apr/2017 14:22:10] "GET /user_list/ HTTP/1.1" 200 6166
[25/Apr/2017 14:22:10] "POST /user_list/ HTTP/1.1" 200 1668
[25/Apr/2017 14:22:12] "GET /search/ HTTP/1.1" 200 2831
[25/Apr/2017 14:22:13] "GET /logout/ HTTP/1.1" 302 0
[25/Apr/2017 14:22:13] "GET /login/ HTTP/1.1" 200 1075
[25/Apr/2017 14:22:23] "POST /login/ HTTP/1.1" 302 0
[25/Apr/2017 14:22:23] "GET /index/ HTTP/1.1" 200 2201
[25/Apr/2017 14:22:25] "GET /profile/24 HTTP/1.1" 301 0
[25/Apr/2017 14:22:25] "GET /profile/24/ HTTP/1.1" 200 2847
[25/Apr/2017 14:22:28] "GET /login/ HTTP/1.1" 302 0
[25/Apr/2017 14:22:29] "GET /index/ HTTP/1.1" 200 7018
[25/Apr/2017 14:22:31] "GET /survey/22 HTTP/1.1" 301 0
[25/Apr/2017 14:22:31] "GET /survey/22/ HTTP/1.1" 200 2971
[25/Apr/2017 14:22:31] "GET /static/js/nicEdit-latest.js HTTP/1.1" 200 38295
[25/Apr/2017 14:22:31] "GET /static/js/echart_basic.js HTTP/1.1" 200 3904
[25/Apr/2017 14:22:31] "GET /static/js/survey.js HTTP/1.1" 200 1911
[25/Apr/2017 14:22:31] "GET /static/js/survey_show.js HTTP/1.1" 200 28200
[25/Apr/2017 14:22:31] "GET /static/js/survey_create.js HTTP/1.1" 200 47828
[25/Apr/2017 14:22:31] "GET /static/js/echarts.min.js HTTP/1.1" 200 618883
[25/Apr/2017 14:22:31] "POST /survey/22/ HTTP/1.1" 200 2025234
[25/Apr/2017 14:22:31] "GET /profile/1 HTTP/1.1" 301 0
[25/Apr/2017 14:22:31] "GET /profile/1/ HTTP/1.1" 302 0
[25/Apr/2017 14:22:31] "GET /login/ HTTP/1.1" 200 1075
[25/Apr/2017 14:22:38] "GET /logout/ HTTP/1.1" 302 0
[25/Apr/2017 14:22:38] "GET /login/ HTTP/1.1" 200 1075
[25/Apr/2017 14:22:40] "GET /profile/1/ HTTP/1.1" 302 0
[25/Apr/2017 14:22:40] "GET /login/ HTTP/1.1" 200 1075
[25/Apr/2017 14:22:41] "GET /user_list/ HTTP/1.1" 302 0
[25/Apr/2017 14:22:41] "GET /login/ HTTP/1.1" 200 1075
[25/Apr/2017 14:22:47] "GET /admin_list/ HTTP/1.1" 302 0
[25/Apr/2017 14:22:47] "GET /login/ HTTP/1.1" 200 1075
[25/Apr/2017 14:22:51] "GET /profile/1 HTTP/1.1" 301 0
[25/Apr/2017 14:22:51] "GET /profile/1/ HTTP/1.1" 302 0
[25/Apr/2017 14:22:52] "GET /login/ HTTP/1.1" 200 1075
[25/Apr/2017 14:22:52] "GET /static/bootstrap/css/bootstrap.min.css HTTP/1.1" 200 114011
[25/Apr/2017 14:22:52] "GET /user_list/ HTTP/1.1" 302 0
[25/Apr/2017 14:22:52] "GET /login/ HTTP/1.1" 200 1075
[25/Apr/2017 14:22:52] "GET /static/bootstrap/css/bootstrap.min.css HTTP/1.1" 200 114011
[25/Apr/2017 14:22:52] "GET /static/bootstrap/fonts/glyphicons-halflings-regular.woff HTTP/1.1" 200 23320
[25/Apr/2017 14:22:53] "GET /static/bootstrap/fonts/glyphicons-halflings-regular.woff HTTP/1.1" 200 23320
[25/Apr/2017 14:22:58] "GET /profile/1/ HTTP/1.1" 302 0
[25/Apr/2017 14:22:58] "GET /login/ HTTP/1.1" 200 1075
[25/Apr/2017 14:22:58] "GET /static/bootstrap/css/bootstrap.min.css HTTP/1.1" 200 114011
[25/Apr/2017 14:22:58] "GET /static/bootstrap/fonts/glyphicons-halflings-regular.woff HTTP/1.1" 200 23320
[25/Apr/2017 14:23:04] "GET /admin_list/ HTTP/1.1" 302 0
[25/Apr/2017 14:23:04] "GET /login/ HTTP/1.1" 200 1075
[25/Apr/2017 14:23:04] "GET /static/bootstrap/css/bootstrap.min.css HTTP/1.1" 200 114011
[25/Apr/2017 14:23:04] "GET /static/bootstrap/fonts/glyphicons-halflings-regular.woff HTTP/1.1" 200 23320
[25/Apr/2017 14:26:49] "GET /survey/22/ HTTP/1.1" 200 2971
[25/Apr/2017 14:26:49] "GET /static/bootstrap/css/bootstrap.min.css HTTP/1.1" 304 0
[25/Apr/2017 14:26:49] "GET /static/css/survey.css HTTP/1.1" 304 0
[25/Apr/2017 14:26:49] "GET /static/js/jquery-3.1.1.min.js HTTP/1.1" 304 0
[25/Apr/2017 14:26:49] "GET /static/bootstrap/fonts/glyphicons-halflings-regular.eot? HTTP/1.1" 304 0
[25/Apr/2017 14:26:49] "GET /static/js/nicEdit-latest.js HTTP/1.1" 304 0
[25/Apr/2017 14:26:49] "GET /static/js/csrf.js HTTP/1.1" 304 0
[25/Apr/2017 14:26:49] "GET /static/bootstrap/js/bootstrap.min.js HTTP/1.1" 304 0
[25/Apr/2017 14:26:49] "GET /static/js/header_footer.js HTTP/1.1" 304 0
[25/Apr/2017 14:26:49] "GET /static/js/echarts.min.js HTTP/1.1" 304 0
[25/Apr/2017 14:26:49] "GET /static/js/echart_basic.js HTTP/1.1" 304 0
[25/Apr/2017 14:26:49] "GET /static/js/survey.js HTTP/1.1" 304 0
[25/Apr/2017 14:26:49] "GET /static/js/survey_create.js HTTP/1.1" 304 0
[25/Apr/2017 14:26:49] "GET /static/js/survey_show.js HTTP/1.1" 304 0
[25/Apr/2017 14:26:49] "POST /survey/22/ HTTP/1.1" 200 2025234
[25/Apr/2017 14:27:07] "GET /logout/ HTTP/1.1" 302 0
[25/Apr/2017 14:27:07] "GET /login/ HTTP/1.1" 200 1075
[25/Apr/2017 14:27:15] "POST /login/ HTTP/1.1" 302 0
[25/Apr/2017 14:27:15] "GET /index/ HTTP/1.1" 200 2201
[25/Apr/2017 14:27:17] "GET /survey/22/ HTTP/1.1" 200 2971
[25/Apr/2017 14:27:17] "POST /survey/22/ HTTP/1.1" 200 2025234
[25/Apr/2017 14:28:49] "GET /search/ HTTP/1.1" 302 0
[25/Apr/2017 14:28:49] "GET /index/ HTTP/1.1" 200 2201
Not Found: /http:/www.baidu.com/cache/global/img/gs.gif
[25/Apr/2017 14:38:05] "GET http://www.baidu.com/cache/global/img/gs.gif HTTP/1.1" 404 1727
[25/Apr/2017 14:40:48] "GET /login/ HTTP/1.1" 302 0
[25/Apr/2017 14:40:48] "GET /index/ HTTP/1.1" 200 2201
[25/Apr/2017 14:40:53] "GET /index/ HTTP/1.1" 200 2201
[25/Apr/2017 14:40:53] "GET /static/js/header_footer.js HTTP/1.1" 200 253
[25/Apr/2017 14:40:53] "GET /static/js/csrf.js HTTP/1.1" 200 1690
----------------------------------------
Exception happened during processing of request from ('166.111.33.154', 61674)
----------------------------------------
Exception happened during processing of request from ('166.111.33.154', 61672)
----------------------------------------
Exception happened during processing of request from ('166.111.33.154', 61671)
----------------------------------------
Exception happened during processing of request from ('166.111.33.154', 61673)
[25/Apr/2017 14:40:53] "GET /static/js/index.js HTTP/1.1" 200 848
Traceback (most recent call last):
  File "/usr/local/lib/python3.6/socketserver.py", line 639, in process_request_thread
    self.finish_request(request, client_address)
  File "/usr/local/lib/python3.6/socketserver.py", line 361, in finish_request
    self.RequestHandlerClass(request, client_address, self)
  File "/usr/local/lib/python3.6/socketserver.py", line 696, in __init__
    self.handle()
  File "/usr/local/lib/python3.6/site-packages/Django-1.11-py3.6.egg/django/core/servers/basehttp.py", line 140, in handle
    self.raw_requestline = self.rfile.readline(65537)
  File "/usr/local/lib/python3.6/socket.py", line 586, in readinto
    return self._sock.recv_into(b)
ConnectionResetError: [Errno 104] Connection reset by peer
----------------------------------------
Traceback (most recent call last):
  File "/usr/local/lib/python3.6/socketserver.py", line 639, in process_request_thread
    self.finish_request(request, client_address)
  File "/usr/local/lib/python3.6/socketserver.py", line 361, in finish_request
    self.RequestHandlerClass(request, client_address, self)
  File "/usr/local/lib/python3.6/socketserver.py", line 696, in __init__
    self.handle()
  File "/usr/local/lib/python3.6/site-packages/Django-1.11-py3.6.egg/django/core/servers/basehttp.py", line 140, in handle
    self.raw_requestline = self.rfile.readline(65537)
  File "/usr/local/lib/python3.6/socket.py", line 586, in readinto
    return self._sock.recv_into(b)
ConnectionResetError: [Errno 104] Connection reset by peer
----------------------------------------
Traceback (most recent call last):
  File "/usr/local/lib/python3.6/socketserver.py", line 639, in process_request_thread
    self.finish_request(request, client_address)
  File "/usr/local/lib/python3.6/socketserver.py", line 361, in finish_request
    self.RequestHandlerClass(request, client_address, self)
  File "/usr/local/lib/python3.6/socketserver.py", line 696, in __init__
    self.handle()
  File "/usr/local/lib/python3.6/site-packages/Django-1.11-py3.6.egg/django/core/servers/basehttp.py", line 140, in handle
    self.raw_requestline = self.rfile.readline(65537)
  File "/usr/local/lib/python3.6/socket.py", line 586, in readinto
    return self._sock.recv_into(b)
ConnectionResetError: [Errno 104] Connection reset by peer
----------------------------------------
Traceback (most recent call last):
  File "/usr/local/lib/python3.6/socketserver.py", line 639, in process_request_thread
    self.finish_request(request, client_address)
  File "/usr/local/lib/python3.6/socketserver.py", line 361, in finish_request
    self.RequestHandlerClass(request, client_address, self)
  File "/usr/local/lib/python3.6/socketserver.py", line 696, in __init__
    self.handle()
  File "/usr/local/lib/python3.6/site-packages/Django-1.11-py3.6.egg/django/core/servers/basehttp.py", line 140, in handle
    self.raw_requestline = self.rfile.readline(65537)
  File "/usr/local/lib/python3.6/socket.py", line 586, in readinto
    return self._sock.recv_into(b)
ConnectionResetError: [Errno 104] Connection reset by peer
----------------------------------------
[25/Apr/2017 14:40:53] "GET /static/js/jquery-3.1.1.min.js HTTP/1.1" 200 86709
[25/Apr/2017 14:40:53] "GET /static/bootstrap/css/bootstrap.min.css HTTP/1.1" 200 114011
[25/Apr/2017 14:40:53] "GET /static/bootstrap/js/bootstrap.min.js HTTP/1.1" 200 34654
[25/Apr/2017 14:40:53] "GET /static/bootstrap/fonts/glyphicons-halflings-regular.woff HTTP/1.1" 200 23320
Not Found: /favicon.ico
[25/Apr/2017 14:40:53] "GET /favicon.ico HTTP/1.1" 404 3425
[25/Apr/2017 14:41:02] "GET /profile/24 HTTP/1.1" 301 0
[25/Apr/2017 14:41:02] "GET /profile/24/ HTTP/1.1" 200 2847
[25/Apr/2017 14:41:02] "GET /static/js/profile.js HTTP/1.1" 200 166
[25/Apr/2017 14:41:02] "GET /static/head/38.jpg HTTP/1.1" 200 6985
[25/Apr/2017 14:41:05] "GET /logout/ HTTP/1.1" 302 0
[25/Apr/2017 14:41:05] "GET /login/ HTTP/1.1" 200 1075
[25/Apr/2017 14:41:07] "POST /login/ HTTP/1.1" 302 0
[25/Apr/2017 14:41:07] "GET /index/ HTTP/1.1" 200 2201
[25/Apr/2017 14:41:14] "GET /survey/22 HTTP/1.1" 301 0
[25/Apr/2017 14:41:14] "GET /survey/22/ HTTP/1.1" 200 2971
[25/Apr/2017 14:41:14] "GET /static/css/survey.css HTTP/1.1" 200 3059
[25/Apr/2017 14:41:14] "GET /static/js/survey.js HTTP/1.1" 200 1911
[25/Apr/2017 14:41:14] "GET /static/js/echart_basic.js HTTP/1.1" 200 3904
[25/Apr/2017 14:41:14] "GET /static/js/nicEdit-latest.js HTTP/1.1" 200 38295
[25/Apr/2017 14:41:14] "GET /static/js/survey_create.js HTTP/1.1" 200 47828
[25/Apr/2017 14:41:14] "GET /static/js/survey_show.js HTTP/1.1" 200 28200
[25/Apr/2017 14:41:14] "GET /static/js/echarts.min.js HTTP/1.1" 200 618883
[25/Apr/2017 14:41:15] "POST /survey/22/ HTTP/1.1" 200 2025234
[25/Apr/2017 14:41:25] "POST /survey/22/ HTTP/1.1" 200 2
[25/Apr/2017 14:41:35] "POST /survey/22/ HTTP/1.1" 200 2
[25/Apr/2017 14:41:45] "POST /survey/22/ HTTP/1.1" 200 2
[25/Apr/2017 14:41:55] "POST /survey/22/ HTTP/1.1" 200 2
[25/Apr/2017 14:42:05] "POST /survey/22/ HTTP/1.1" 200 2
[25/Apr/2017 14:42:15] "POST /survey/22/ HTTP/1.1" 200 2
[25/Apr/2017 14:42:25] "POST /survey/22/ HTTP/1.1" 200 2
[25/Apr/2017 14:42:35] "POST /survey/22/ HTTP/1.1" 200 2
[25/Apr/2017 14:42:45] "POST /survey/22/ HTTP/1.1" 200 2
[25/Apr/2017 14:42:55] "POST /survey/22/ HTTP/1.1" 200 2
[25/Apr/2017 14:43:05] "POST /survey/22/ HTTP/1.1" 200 2
[25/Apr/2017 14:43:15] "POST /survey/22/ HTTP/1.1" 200 2
[25/Apr/2017 14:43:25] "POST /survey/22/ HTTP/1.1" 200 2
[25/Apr/2017 14:43:35] "POST /survey/22/ HTTP/1.1" 200 2
[25/Apr/2017 14:43:45] "POST /survey/22/ HTTP/1.1" 200 2
[25/Apr/2017 14:43:46] "POST /login/ HTTP/1.1" 302 0
[25/Apr/2017 14:43:47] "GET /index/ HTTP/1.1" 200 2201
[25/Apr/2017 14:43:48] "GET /survey/22/ HTTP/1.1" 200 2971
[25/Apr/2017 14:43:48] "GET /static/js/survey_create.js HTTP/1.1" 304 0
[25/Apr/2017 14:43:48] "GET /static/js/survey_show.js HTTP/1.1" 304 0
[25/Apr/2017 14:43:49] "POST /survey/22/ HTTP/1.1" 200 2083400
[25/Apr/2017 14:43:55] "POST /survey/22/ HTTP/1.1" 200 2
[25/Apr/2017 14:43:59] "POST /survey/22/ HTTP/1.1" 200 2
[25/Apr/2017 14:44:05] "POST /survey/22/ HTTP/1.1" 200 2
[25/Apr/2017 14:44:10] "POST /survey/22/ HTTP/1.1" 200 2
[25/Apr/2017 14:44:15] "POST /survey/22/ HTTP/1.1" 200 2
[25/Apr/2017 14:44:19] "POST /survey/22/ HTTP/1.1" 200 2
[25/Apr/2017 14:44:25] "POST /survey/22/ HTTP/1.1" 200 2
[25/Apr/2017 14:44:30] "POST /survey/22/ HTTP/1.1" 200 2
[25/Apr/2017 14:44:35] "POST /survey/22/ HTTP/1.1" 200 2
[25/Apr/2017 14:44:39] "POST /survey/22/ HTTP/1.1" 200 2
[25/Apr/2017 14:44:45] "POST /survey/22/ HTTP/1.1" 200 2
[25/Apr/2017 14:44:50] "POST /survey/22/ HTTP/1.1" 200 2
[25/Apr/2017 14:44:55] "POST /survey/22/ HTTP/1.1" 200 2
[25/Apr/2017 14:44:59] "POST /survey/22/ HTTP/1.1" 200 2
[25/Apr/2017 14:45:05] "POST /survey/22/ HTTP/1.1" 200 2
[25/Apr/2017 14:45:09] "POST /survey/22/ HTTP/1.1" 200 2
[25/Apr/2017 14:45:15] "POST /survey/22/ HTTP/1.1" 200 2
[25/Apr/2017 14:45:20] "POST /survey/22/ HTTP/1.1" 200 2
[25/Apr/2017 14:45:25] "POST /survey/22/ HTTP/1.1" 200 2
[25/Apr/2017 14:45:29] "POST /survey/22/ HTTP/1.1" 200 2
[25/Apr/2017 14:45:35] "POST /survey/22/ HTTP/1.1" 200 2
[25/Apr/2017 14:45:40] "POST /survey/22/ HTTP/1.1" 200 2
[25/Apr/2017 14:45:45] "POST /survey/22/ HTTP/1.1" 200 2
[25/Apr/2017 14:45:50] "POST /survey/22/ HTTP/1.1" 200 2
[25/Apr/2017 14:45:55] "POST /survey/22/ HTTP/1.1" 200 2
[25/Apr/2017 14:45:59] "POST /survey/22/ HTTP/1.1" 200 2
[25/Apr/2017 14:46:05] "POST /survey/22/ HTTP/1.1" 200 2
[25/Apr/2017 14:46:10] "POST /survey/22/ HTTP/1.1" 200 2
[25/Apr/2017 14:46:15] "POST /survey/22/ HTTP/1.1" 200 2
[25/Apr/2017 14:46:20] "POST /survey/22/ HTTP/1.1" 200 2
[25/Apr/2017 14:46:25] "POST /survey/22/ HTTP/1.1" 200 2
[25/Apr/2017 14:46:29] "POST /survey/22/ HTTP/1.1" 200 2
[25/Apr/2017 14:46:35] "POST /survey/22/ HTTP/1.1" 200 2
[25/Apr/2017 14:46:39] "POST /survey/22/ HTTP/1.1" 200 2
[25/Apr/2017 14:46:45] "POST /survey/22/ HTTP/1.1" 200 2
[25/Apr/2017 14:46:50] "POST /survey/22/ HTTP/1.1" 200 2
[25/Apr/2017 14:46:55] "POST /survey/22/ HTTP/1.1" 200 2
[25/Apr/2017 14:47:00] "POST /survey/22/ HTTP/1.1" 200 2
[25/Apr/2017 14:47:05] "POST /survey/22/ HTTP/1.1" 200 2
[25/Apr/2017 14:47:09] "POST /survey/22/ HTTP/1.1" 200 2
[25/Apr/2017 14:47:15] "POST /survey/22/ HTTP/1.1" 200 2
[25/Apr/2017 14:47:20] "POST /survey/22/ HTTP/1.1" 200 2
[25/Apr/2017 14:47:25] "POST /survey/22/ HTTP/1.1" 200 2
[25/Apr/2017 14:47:30] "POST /survey/22/ HTTP/1.1" 200 2
[25/Apr/2017 14:47:36] "POST /survey/22/ HTTP/1.1" 200 2
[25/Apr/2017 14:47:40] "POST /survey/22/ HTTP/1.1" 200 2
[25/Apr/2017 14:47:45] "POST /survey/22/ HTTP/1.1" 200 2
[25/Apr/2017 14:47:51] "POST /survey/22/ HTTP/1.1" 200 2
[25/Apr/2017 14:47:55] "POST /survey/22/ HTTP/1.1" 200 2
[25/Apr/2017 14:47:59] "POST /survey/22/ HTTP/1.1" 200 2
[25/Apr/2017 14:48:05] "POST /survey/22/ HTTP/1.1" 200 2
[25/Apr/2017 14:48:10] "POST /survey/22/ HTTP/1.1" 200 2
[25/Apr/2017 14:48:15] "POST /survey/22/ HTTP/1.1" 200 2
[25/Apr/2017 14:48:19] "POST /survey/22/ HTTP/1.1" 200 2
[25/Apr/2017 14:48:25] "POST /survey/22/ HTTP/1.1" 200 2
[25/Apr/2017 14:48:29] "POST /survey/22/ HTTP/1.1" 200 2
[25/Apr/2017 14:48:35] "POST /survey/22/ HTTP/1.1" 200 2
[25/Apr/2017 14:48:40] "POST /survey/22/ HTTP/1.1" 200 2
[25/Apr/2017 14:48:45] "POST /survey/22/ HTTP/1.1" 200 2
[25/Apr/2017 14:48:49] "POST /survey/22/ HTTP/1.1" 200 2
[25/Apr/2017 14:48:55] "POST /survey/22/ HTTP/1.1" 200 2
[25/Apr/2017 14:48:59] "POST /survey/22/ HTTP/1.1" 200 2
[25/Apr/2017 14:49:05] "POST /survey/22/ HTTP/1.1" 200 2
[25/Apr/2017 14:49:10] "POST /survey/22/ HTTP/1.1" 200 2
[25/Apr/2017 14:49:15] "POST /survey/22/ HTTP/1.1" 200 2
[25/Apr/2017 14:49:20] "POST /survey/22/ HTTP/1.1" 200 2
[25/Apr/2017 14:49:25] "POST /survey/22/ HTTP/1.1" 200 2
[25/Apr/2017 14:49:30] "POST /survey/22/ HTTP/1.1" 200 2
[25/Apr/2017 14:49:35] "POST /survey/22/ HTTP/1.1" 200 2
[25/Apr/2017 14:49:39] "POST /survey/22/ HTTP/1.1" 200 2
[25/Apr/2017 14:49:45] "POST /survey/22/ HTTP/1.1" 200 2
[25/Apr/2017 14:49:49] "POST /survey/22/ HTTP/1.1" 200 2
[25/Apr/2017 14:49:55] "POST /survey/22/ HTTP/1.1" 200 2
[25/Apr/2017 14:49:59] "POST /survey/22/ HTTP/1.1" 200 2
[25/Apr/2017 14:50:05] "POST /survey/22/ HTTP/1.1" 200 2
[25/Apr/2017 14:50:09] "POST /survey/22/ HTTP/1.1" 200 2
[25/Apr/2017 14:50:15] "POST /survey/22/ HTTP/1.1" 200 2
[25/Apr/2017 14:50:20] "POST /survey/22/ HTTP/1.1" 200 2
[25/Apr/2017 14:50:27] "POST /survey/22/ HTTP/1.1" 200 2
[25/Apr/2017 14:50:29] "POST /survey/22/ HTTP/1.1" 200 2
[25/Apr/2017 14:50:35] "POST /survey/22/ HTTP/1.1" 200 2
[25/Apr/2017 14:50:39] "POST /survey/22/ HTTP/1.1" 200 2
[25/Apr/2017 14:50:45] "POST /survey/22/ HTTP/1.1" 200 2
[25/Apr/2017 14:50:49] "POST /survey/22/ HTTP/1.1" 200 2
[25/Apr/2017 14:50:55] "POST /survey/22/ HTTP/1.1" 200 2
[25/Apr/2017 14:51:00] "POST /survey/22/ HTTP/1.1" 200 2
[25/Apr/2017 14:51:05] "POST /survey/22/ HTTP/1.1" 200 2
[25/Apr/2017 14:51:10] "POST /survey/22/ HTTP/1.1" 200 2
[25/Apr/2017 14:51:15] "POST /survey/22/ HTTP/1.1" 200 2
[25/Apr/2017 14:51:19] "POST /survey/22/ HTTP/1.1" 200 2
[25/Apr/2017 14:51:25] "POST /survey/22/ HTTP/1.1" 200 2
[25/Apr/2017 14:51:29] "POST /survey/22/ HTTP/1.1" 200 2
[25/Apr/2017 14:51:35] "POST /survey/22/ HTTP/1.1" 200 2
[25/Apr/2017 14:51:40] "POST /survey/22/ HTTP/1.1" 200 2
[25/Apr/2017 14:51:45] "POST /survey/22/ HTTP/1.1" 200 2
[25/Apr/2017 14:51:50] "POST /survey/22/ HTTP/1.1" 200 2
[25/Apr/2017 14:51:55] "POST /survey/22/ HTTP/1.1" 200 2
[25/Apr/2017 14:51:59] "POST /survey/22/ HTTP/1.1" 200 2
[25/Apr/2017 14:52:05] "POST /survey/22/ HTTP/1.1" 200 2
[25/Apr/2017 14:52:10] "POST /survey/22/ HTTP/1.1" 200 2
[25/Apr/2017 14:52:15] "POST /survey/22/ HTTP/1.1" 200 2
[25/Apr/2017 14:52:20] "POST /survey/22/ HTTP/1.1" 200 2
[25/Apr/2017 14:52:25] "POST /survey/22/ HTTP/1.1" 200 2
[25/Apr/2017 14:52:29] "POST /survey/22/ HTTP/1.1" 200 2
[25/Apr/2017 14:52:35] "POST /survey/22/ HTTP/1.1" 200 2
[25/Apr/2017 14:52:39] "POST /survey/22/ HTTP/1.1" 200 2
[25/Apr/2017 14:52:45] "POST /survey/22/ HTTP/1.1" 200 2
[25/Apr/2017 14:52:50] "POST /survey/22/ HTTP/1.1" 200 2
[25/Apr/2017 14:52:55] "POST /survey/22/ HTTP/1.1" 200 2
[25/Apr/2017 14:52:59] "POST /survey/22/ HTTP/1.1" 200 2
[25/Apr/2017 14:53:05] "POST /survey/22/ HTTP/1.1" 200 2
[25/Apr/2017 14:53:09] "POST /survey/22/ HTTP/1.1" 200 2
[25/Apr/2017 14:53:15] "POST /survey/22/ HTTP/1.1" 200 2
[25/Apr/2017 14:53:19] "POST /survey/22/ HTTP/1.1" 200 2
[25/Apr/2017 14:53:25] "POST /survey/22/ HTTP/1.1" 200 2
[25/Apr/2017 14:53:29] "POST /survey/22/ HTTP/1.1" 200 2
[25/Apr/2017 14:53:35] "POST /survey/22/ HTTP/1.1" 200 2
[25/Apr/2017 14:53:40] "POST /survey/22/ HTTP/1.1" 200 2
[25/Apr/2017 14:53:45] "POST /survey/22/ HTTP/1.1" 200 2
[25/Apr/2017 14:53:49] "POST /survey/22/ HTTP/1.1" 200 2
[25/Apr/2017 14:53:55] "POST /survey/22/ HTTP/1.1" 200 2
[25/Apr/2017 14:53:59] "POST /survey/22/ HTTP/1.1" 200 2
[25/Apr/2017 14:54:05] "POST /survey/22/ HTTP/1.1" 200 2
[25/Apr/2017 14:54:09] "POST /survey/22/ HTTP/1.1" 200 2
[25/Apr/2017 14:54:18] "POST /survey/22/ HTTP/1.1" 200 2
[25/Apr/2017 14:54:19] "POST /survey/22/ HTTP/1.1" 200 2
[25/Apr/2017 14:54:28] "POST /survey/22/ HTTP/1.1" 200 2
[25/Apr/2017 14:54:30] "POST /survey/22/ HTTP/1.1" 200 2
[25/Apr/2017 14:54:34] "POST /survey/22/ HTTP/1.1" 200 14
[25/Apr/2017 14:54:36] "POST /bonus/ HTTP/1.1" 200 1793
[25/Apr/2017 14:54:36] "GET /static/img/bonus.jpg HTTP/1.1" 200 53982
[25/Apr/2017 14:54:39] "POST /survey/22/ HTTP/1.1" 200 2
[25/Apr/2017 14:54:41] "GET /profile/24 HTTP/1.1" 301 0
[25/Apr/2017 14:54:42] "GET /profile/24/ HTTP/1.1" 200 2845
[25/Apr/2017 14:54:49] "POST /survey/22/ HTTP/1.1" 200 2
[25/Apr/2017 14:55:00] "POST /survey/22/ HTTP/1.1" 200 2
[25/Apr/2017 14:55:09] "POST /survey/22/ HTTP/1.1" 200 2
[25/Apr/2017 14:55:19] "POST /survey/22/ HTTP/1.1" 200 2
[25/Apr/2017 14:55:30] "POST /survey/22/ HTTP/1.1" 200 2
[25/Apr/2017 14:55:40] "POST /survey/22/ HTTP/1.1" 200 2
[25/Apr/2017 14:55:50] "POST /survey/22/ HTTP/1.1" 200 2
[25/Apr/2017 14:56:00] "POST /survey/22/ HTTP/1.1" 200 2
[25/Apr/2017 14:56:10] "POST /survey/22/ HTTP/1.1" 200 2
[25/Apr/2017 14:56:20] "POST /survey/22/ HTTP/1.1" 200 2
[25/Apr/2017 14:56:30] "POST /survey/22/ HTTP/1.1" 200 2
[25/Apr/2017 14:56:39] "POST /survey/22/ HTTP/1.1" 200 2
[25/Apr/2017 14:56:50] "POST /survey/22/ HTTP/1.1" 200 2
[25/Apr/2017 14:56:59] "GET /?nsukey=60JHsjAIjGY9lRs8pL581aGyo5gBOTEtwT%2F5Yq5JpzaA3fQv1MThPojLIa5BCJtDwZJ6kKn82yV3X0CmXeTfoDGnnBuN%2Bj5AbUbFDe95awrOxX9c2nqC%2BbrE0lnT8qZpErg29hNTsRNFTc%2BsYA3QMkbHAZqLiMlkaOmMtXi%2BgBEsh0PgX7jJStuOvX06%2BUra HTTP/1.1" 302 0
[25/Apr/2017 14:56:59] "GET / HTTP/1.1" 302 0
[25/Apr/2017 14:57:00] "POST /survey/22/ HTTP/1.1" 200 2
[25/Apr/2017 14:57:00] "GET /login/ HTTP/1.1" 200 1075
[25/Apr/2017 14:57:00] "GET / HTTP/1.1" 302 0
[25/Apr/2017 14:57:00] "GET /?nsukey=60JHsjAIjGY9lRs8pL581aGyo5gBOTEtwT%2F5Yq5JpzaA3fQv1MThPojLIa5BCJtDwZJ6kKn82yV3X0CmXeTfoDGnnBuN%2Bj5AbUbFDe95awrOxX9c2nqC%2BbrE0lnT8qZpErg29hNTsRNFTc%2BsYA3QMkbHAZqLiMlkaOmMtXi%2BgBEsh0PgX7jJStuOvX06%2BUra HTTP/1.1" 302 0
[25/Apr/2017 14:57:00] "GET /login/ HTTP/1.1" 200 1075
[25/Apr/2017 14:57:01] "GET /?nsukey=60JHsjAIjGY9lRs8pL581aGyo5gBOTEtwT%2F5Yq5JpzaA3fQv1MThPojLIa5BCJtDwZJ6kKn82yV3X0CmXeTfoDGnnBuN%2Bj5AbUbFDe95awrOxX9c2nqC%2BbrE0lnT8qZpErg29hNTsRNFTc%2BsYA3QMkbHAZqLiMlkaOmMtXi%2BgBEsh0PgX7jJStuOvX06%2BUra HTTP/1.1" 302 0
[25/Apr/2017 14:57:02] "GET /login/ HTTP/1.1" 200 1075
[25/Apr/2017 14:57:05] "GET /login/?nsukey=HmTqi5DhZiDnbstlCBSYuXedR5cGj4Y0Wn1zrLVcGuSvkHbJijhiDQvOrnJJz2MXZ%2FAwM%2FTaB%2FnwHHwgSfVYEpqWK4htb%2BXnc4m%2FRVj%2FJlcz8aw3d4kcLu7y22jw4vY%2BryI0KZkUg41rO8rU3oPOmIYt8a%2Fqoz4kqHZJvxQlzOuKz4zc1WqCTFVoYxlBScmp HTTP/1.1" 200 1075
[25/Apr/2017 14:57:06] "GET /login/?nsukey=HmTqi5DhZiDnbstlCBSYuXedR5cGj4Y0Wn1zrLVcGuSvkHbJijhiDQvOrnJJz2MXZ%2FAwM%2FTaB%2FnwHHwgSfVYEpqWK4htb%2BXnc4m%2FRVj%2FJlcz8aw3d4kcLu7y22jw4vY%2BryI0KZkUg41rO8rU3oPOmIYt8a%2Fqoz4kqHZJvxQlzOuKz4zc1WqCTFVoYxlBScmp HTTP/1.1" 200 1075
[25/Apr/2017 14:57:06] "GET /login/?nsukey=HmTqi5DhZiDnbstlCBSYuXedR5cGj4Y0Wn1zrLVcGuSvkHbJijhiDQvOrnJJz2MXZ%2FAwM%2FTaB%2FnwHHwgSfVYEpqWK4htb%2BXnc4m%2FRVj%2FJlcz8aw3d4kcLu7y22jw4vY%2BryI0KZkUg41rO8rU3oPOmIYt8a%2Fqoz4kqHZJvxQlzOuKz4zc1WqCTFVoYxlBScmp HTTP/1.1" 200 1075
[25/Apr/2017 14:57:07] "GET /static/bootstrap/css/bootstrap.min.css HTTP/1.1" 200 114011
[25/Apr/2017 14:57:07] "GET /static/bootstrap/fonts/glyphicons-halflings-regular.woff HTTP/1.1" 200 23320
[25/Apr/2017 14:57:09] "GET /?nsukey=60JHsjAIjGY9lRs8pL581aGyo5gBOTEtwT%2F5Yq5JpzaA3fQv1MThPojLIa5BCJtDwZJ6kKn82yV3X0CmXeTfoDGnnBuN%2Bj5AbUbFDe95awrOxX9c2nqC%2BbrE0lnT8qZpErg29hNTsRNFTc%2BsYA3QMkbHAZqLiMlkaOmMtXi%2BgBEsh0PgX7jJStuOvX06%2BUra HTTP/1.1" 302 0
[25/Apr/2017 14:57:09] "GET /?nsukey=60JHsjAIjGY9lRs8pL581aGyo5gBOTEtwT%2F5Yq5JpzaA3fQv1MThPojLIa5BCJtDwZJ6kKn82yV3X0CmXeTfoDGnnBuN%2Bj5AbUbFDe95awrOxX9c2nqC%2BbrE0lnT8qZpErg29hNTsRNFTc%2BsYA3QMkbHAZqLiMlkaOmMtXi%2BgBEsh0PgX7jJStuOvX06%2BUra HTTP/1.1" 302 0
[25/Apr/2017 14:57:09] "GET /login/ HTTP/1.1" 200 1075
[25/Apr/2017 14:57:09] "GET /login/ HTTP/1.1" 200 1075
[25/Apr/2017 14:57:10] "POST /survey/22/ HTTP/1.1" 200 2
[25/Apr/2017 14:57:11] "GET /login HTTP/1.1" 301 0
[25/Apr/2017 14:57:11] "GET /login/ HTTP/1.1" 200 1075
[25/Apr/2017 14:57:15] "GET /login/?nsukey=HmTqi5DhZiDnbstlCBSYuXedR5cGj4Y0Wn1zrLVcGuSvkHbJijhiDQvOrnJJz2MXZ%2FAwM%2FTaB%2FnwHHwgSfVYEpqWK4htb%2BXnc4m%2FRVj%2FJlcz8aw3d4kcLu7y22jw4vY%2BryI0KZkUg41rO8rU3oPOmIYt8a%2Fqoz4kqHZJvxQlzOuKz4zc1WqCTFVoYxlBScmp HTTP/1.1" 200 1075
[25/Apr/2017 14:57:16] "GET /login/?nsukey=HmTqi5DhZiDnbstlCBSYuXedR5cGj4Y0Wn1zrLVcGuSvkHbJijhiDQvOrnJJz2MXZ%2FAwM%2FTaB%2FnwHHwgSfVYEpqWK4htb%2BXnc4m%2FRVj%2FJlcz8aw3d4kcLu7y22jw4vY%2BryI0KZkUg41rO8rU3oPOmIYt8a%2Fqoz4kqHZJvxQlzOuKz4zc1WqCTFVoYxlBScmp HTTP/1.1" 200 1075
[25/Apr/2017 14:57:19] "POST /survey/22/ HTTP/1.1" 200 2
[25/Apr/2017 14:57:24] "POST /login/?nsukey=HmTqi5DhZiDnbstlCBSYuXedR5cGj4Y0Wn1zrLVcGuSvkHbJijhiDQvOrnJJz2MXZ%2FAwM%2FTaB%2FnwHHwgSfVYEpqWK4htb%2BXnc4m%2FRVj%2FJlcz8aw3d4kcLu7y22jw4vY%2BryI0KZkUg41rO8rU3oPOmIYt8a%2Fqoz4kqHZJvxQlzOuKz4zc1WqCTFVoYxlBScmp HTTP/1.1" 302 0
[25/Apr/2017 14:57:24] "GET /index/ HTTP/1.1" 200 2198
Traceback (most recent call last):
  File "/usr/local/lib/python3.6/wsgiref/handlers.py", line 138, in run
    self.finish_response()
  File "/usr/local/lib/python3.6/wsgiref/handlers.py", line 180, in finish_response
    self.write(data)
  File "/usr/local/lib/python3.6/wsgiref/handlers.py", line 274, in write
    self.send_headers()
  File "/usr/local/lib/python3.6/wsgiref/handlers.py", line 332, in send_headers
    self.send_preamble()
  File "/usr/local/lib/python3.6/wsgiref/handlers.py", line 252, in send_preamble
    self._write(('HTTP/%s %s\r\n' % (self.http_version,self.status)).encode('iso-8859-1'))
  File "/usr/local/lib/python3.6/wsgiref/handlers.py", line 453, in _write
    result = self.stdout.write(data)
  File "/usr/local/lib/python3.6/socketserver.py", line 775, in write
    self._sock.sendall(b)
ConnectionResetError: [Errno 104] Connection reset by peer
[25/Apr/2017 14:57:24] "GET /index/ HTTP/1.1" 500 59
----------------------------------------
Exception happened during processing of request from ('117.136.38.208', 6176)
Traceback (most recent call last):
  File "/usr/local/lib/python3.6/wsgiref/handlers.py", line 138, in run
    self.finish_response()
  File "/usr/local/lib/python3.6/wsgiref/handlers.py", line 180, in finish_response
    self.write(data)
  File "/usr/local/lib/python3.6/wsgiref/handlers.py", line 274, in write
    self.send_headers()
  File "/usr/local/lib/python3.6/wsgiref/handlers.py", line 332, in send_headers
    self.send_preamble()
  File "/usr/local/lib/python3.6/wsgiref/handlers.py", line 252, in send_preamble
    self._write(('HTTP/%s %s\r\n' % (self.http_version,self.status)).encode('iso-8859-1'))
  File "/usr/local/lib/python3.6/wsgiref/handlers.py", line 453, in _write
    result = self.stdout.write(data)
  File "/usr/local/lib/python3.6/socketserver.py", line 775, in write
    self._sock.sendall(b)
ConnectionResetError: [Errno 104] Connection reset by peer

During handling of the above exception, another exception occurred:

Traceback (most recent call last):
  File "/usr/local/lib/python3.6/wsgiref/handlers.py", line 141, in run
    self.handle_error()
  File "/usr/local/lib/python3.6/site-packages/Django-1.11-py3.6.egg/django/core/servers/basehttp.py", line 88, in handle_error
    super(ServerHandler, self).handle_error()
  File "/usr/local/lib/python3.6/wsgiref/handlers.py", line 368, in handle_error
    self.finish_response()
  File "/usr/local/lib/python3.6/wsgiref/handlers.py", line 180, in finish_response
    self.write(data)
  File "/usr/local/lib/python3.6/wsgiref/handlers.py", line 274, in write
    self.send_headers()
  File "/usr/local/lib/python3.6/wsgiref/handlers.py", line 331, in send_headers
    if not self.origin_server or self.client_is_modern():
  File "/usr/local/lib/python3.6/wsgiref/handlers.py", line 344, in client_is_modern
    return self.environ['SERVER_PROTOCOL'].upper() != 'HTTP/0.9'
TypeError: 'NoneType' object is not subscriptable

During handling of the above exception, another exception occurred:

Traceback (most recent call last):
  File "/usr/local/lib/python3.6/socketserver.py", line 639, in process_request_thread
    self.finish_request(request, client_address)
  File "/usr/local/lib/python3.6/socketserver.py", line 361, in finish_request
    self.RequestHandlerClass(request, client_address, self)
  File "/usr/local/lib/python3.6/socketserver.py", line 696, in __init__
    self.handle()
  File "/usr/local/lib/python3.6/site-packages/Django-1.11-py3.6.egg/django/core/servers/basehttp.py", line 155, in handle
    handler.run(self.server.get_app())
  File "/usr/local/lib/python3.6/wsgiref/handlers.py", line 144, in run
    self.close()
  File "/usr/local/lib/python3.6/wsgiref/simple_server.py", line 35, in close
    self.status.split(' ',1)[0], self.bytes_sent
AttributeError: 'NoneType' object has no attribute 'split'
----------------------------------------
[25/Apr/2017 14:57:26] "GET /index/?nsukey=ZIcRajl1ShgEbIv7JoEQ08LKfSNsbEw6abQ9iQ%2BpeajL3hrTaygCwvirujXVt0w7fRqzZisSZ7lCimFB%2BKR%2BM%2F89f74qJmKBhRe43E5vIKmYveM8%2BYKyN4iY20LtG6ug239O%2FHDEM0ZJGW9frVqr2ARDqIU9ip1SA5p3LKmCGO%2FqhPGQqjIj%2F2CamZqlyeik HTTP/1.1" 302 0
[25/Apr/2017 14:57:26] "GET /login/ HTTP/1.1" 200 1075
[25/Apr/2017 14:57:27] "GET /index/?nsukey=ZIcRajl1ShgEbIv7JoEQ08LKfSNsbEw6abQ9iQ%2BpeajL3hrTaygCwvirujXVt0w7fRqzZisSZ7lCimFB%2BKR%2BM%2F89f74qJmKBhRe43E5vIKmYveM8%2BYKyN4iY20LtG6ug239O%2FHDEM0ZJGW9frVqr2ARDqIU9ip1SA5p3LKmCGO%2FqhPGQqjIj%2F2CamZqlyeik HTTP/1.1" 302 0
[25/Apr/2017 14:57:28] "GET /login/ HTTP/1.1" 200 1075
[25/Apr/2017 14:57:28] "GET /index/?nsukey=ZIcRajl1ShgEbIv7JoEQ08LKfSNsbEw6abQ9iQ%2BpeajL3hrTaygCwvirujXVt0w7fRqzZisSZ7lCimFB%2BKR%2BM%2F89f74qJmKBhRe43E5vIKmYveM8%2BYKyN4iY20LtG6ug239O%2FHDEM0ZJGW9frVqr2ARDqIU9ip1SA5p3LKmCGO%2FqhPGQqjIj%2F2CamZqlyeik HTTP/1.1" 200 2198
[25/Apr/2017 14:57:29] "GET /static/js/index.js HTTP/1.1" 200 848
[25/Apr/2017 14:57:29] "GET /static/js/csrf.js HTTP/1.1" 200 1690
[25/Apr/2017 14:57:29] "GET /static/js/header_footer.js HTTP/1.1" 200 253
[25/Apr/2017 14:57:29] "GET /static/bootstrap/js/bootstrap.min.js HTTP/1.1" 200 34654
[25/Apr/2017 14:57:29] "GET /static/js/jquery-3.1.1.min.js HTTP/1.1" 200 86709
[25/Apr/2017 14:57:30] "POST /survey/22/ HTTP/1.1" 200 2
[25/Apr/2017 14:57:33] "GET /profile/24 HTTP/1.1" 301 0
[25/Apr/2017 14:57:34] "GET /index HTTP/1.1" 301 0
[25/Apr/2017 14:57:34] "GET /index/ HTTP/1.1" 302 0
[25/Apr/2017 14:57:34] "GET /login/ HTTP/1.1" 200 1075
[25/Apr/2017 14:57:35] "GET /profile/24/?nsukey=QILirTKG1EDm7pgvNBdx%2F3ACu1mEdnMr0wOZlsNzUGE2RrjQY5ObodgdGwWY7FEIM7LwqlmoemF72VeQ%2BxUUXgScEfNyYyar%2BuNtcex8xRFgbP2z5GtsLds83NyhbBy%2FrZr6cMCg6T2lQrnKSuwIO525EzFOS0aPVsRWBE2qdo9Biw2cob2kDUtPmi1WUJ%2Bn HTTP/1.1" 302 0
[25/Apr/2017 14:57:35] "GET / HTTP/1.1" 302 0
[25/Apr/2017 14:57:35] "GET /login/ HTTP/1.1" 200 1075
[25/Apr/2017 14:57:35] "GET / HTTP/1.1" 302 0
[25/Apr/2017 14:57:36] "GET /index/?nsukey=ZIcRajl1ShgEbIv7JoEQ08LKfSNsbEw6abQ9iQ%2BpeajL3hrTaygCwvirujXVt0w7fRqzZisSZ7lCimFB%2BKR%2BM%2F89f74qJmKBhRe43E5vIKmYveM8%2BYKyN4iY20LtG6ug239O%2FHDEM0ZJGW9frVqr2ARDqIU9ip1SA5p3LKmCGO%2FqhPGQqjIj%2F2CamZqlyeik HTTP/1.1" 302 0
[25/Apr/2017 14:57:36] "GET /profile/24/?nsukey=QILirTKG1EDm7pgvNBdx%2F3ACu1mEdnMr0wOZlsNzUGE2RrjQY5ObodgdGwWY7FEIM7LwqlmoemF72VeQ%2BxUUXgScEfNyYyar%2BuNtcex8xRFgbP2z5GtsLds83NyhbBy%2FrZr6cMCg6T2lQrnKSuwIO525EzFOS0aPVsRWBE2qdo9Biw2cob2kDUtPmi1WUJ%2Bn HTTP/1.1" 302 0
[25/Apr/2017 14:57:36] "GET /login/ HTTP/1.1" 200 1075
[25/Apr/2017 14:57:36] "GET /login/ HTTP/1.1" 200 1075
[25/Apr/2017 14:57:36] "GET /static/bootstrap/css/bootstrap.min.css HTTP/1.1" 200 114011
[25/Apr/2017 14:57:37] "GET /profile/24/?nsukey=QILirTKG1EDm7pgvNBdx%2F3ACu1mEdnMr0wOZlsNzUGE2RrjQY5ObodgdGwWY7FEIM7LwqlmoemF72VeQ%2BxUUXgScEfNyYyar%2BuNtcex8xRFgbP2z5GtsLds83NyhbBy%2FrZr6cMCg6T2lQrnKSuwIO525EzFOS0aPVsRWBE2qdo9Biw2cob2kDUtPmi1WUJ%2Bn HTTP/1.1" 200 2845
[25/Apr/2017 14:57:38] "GET /static/js/profile.js HTTP/1.1" 200 166
[25/Apr/2017 14:57:38] "GET /static/head/38.jpg HTTP/1.1" 200 6985
[25/Apr/2017 14:57:40] "POST /survey/22/ HTTP/1.1" 200 2
[25/Apr/2017 14:57:43] "GET /profile/24 HTTP/1.1" 301 0
[25/Apr/2017 14:57:43] "GET /profile/24/ HTTP/1.1" 302 0
[25/Apr/2017 14:57:43] "GET /login/ HTTP/1.1" 200 1075
[25/Apr/2017 14:57:45] "GET /profile/24/?nsukey=QILirTKG1EDm7pgvNBdx%2F3ACu1mEdnMr0wOZlsNzUGE2RrjQY5ObodgdGwWY7FEIM7LwqlmoemF72VeQ%2BxUUXgScEfNyYyar%2BuNtcex8xRFgbP2z5GtsLds83NyhbBy%2FrZr6cMCg6T2lQrnKSuwIO525EzFOS0aPVsRWBE2qdo9Biw2cob2kDUtPmi1WUJ%2Bn HTTP/1.1" 302 0
[25/Apr/2017 14:57:45] "GET /login/ HTTP/1.1" 200 1075
[25/Apr/2017 14:57:49] "POST /survey/22/ HTTP/1.1" 200 2
[25/Apr/2017 14:57:52] "GET /index/ HTTP/1.1" 200 2198
Traceback (most recent call last):
  File "/usr/local/lib/python3.6/wsgiref/handlers.py", line 138, in run
    self.finish_response()
  File "/usr/local/lib/python3.6/wsgiref/handlers.py", line 180, in finish_response
    self.write(data)
  File "/usr/local/lib/python3.6/wsgiref/handlers.py", line 274, in write
    self.send_headers()
  File "/usr/local/lib/python3.6/wsgiref/handlers.py", line 332, in send_headers
    self.send_preamble()
  File "/usr/local/lib/python3.6/wsgiref/handlers.py", line 252, in send_preamble
    self._write(('HTTP/%s %s\r\n' % (self.http_version,self.status)).encode('iso-8859-1'))
  File "/usr/local/lib/python3.6/wsgiref/handlers.py", line 453, in _write
    result = self.stdout.write(data)
  File "/usr/local/lib/python3.6/socketserver.py", line 775, in write
    self._sock.sendall(b)
ConnectionResetError: [Errno 104] Connection reset by peer
[25/Apr/2017 14:57:52] "GET /index/ HTTP/1.1" 500 59
----------------------------------------
Exception happened during processing of request from ('117.136.38.208', 6187)
Traceback (most recent call last):
  File "/usr/local/lib/python3.6/wsgiref/handlers.py", line 138, in run
    self.finish_response()
  File "/usr/local/lib/python3.6/wsgiref/handlers.py", line 180, in finish_response
    self.write(data)
  File "/usr/local/lib/python3.6/wsgiref/handlers.py", line 274, in write
    self.send_headers()
  File "/usr/local/lib/python3.6/wsgiref/handlers.py", line 332, in send_headers
    self.send_preamble()
  File "/usr/local/lib/python3.6/wsgiref/handlers.py", line 252, in send_preamble
    self._write(('HTTP/%s %s\r\n' % (self.http_version,self.status)).encode('iso-8859-1'))
  File "/usr/local/lib/python3.6/wsgiref/handlers.py", line 453, in _write
    result = self.stdout.write(data)
  File "/usr/local/lib/python3.6/socketserver.py", line 775, in write
    self._sock.sendall(b)
ConnectionResetError: [Errno 104] Connection reset by peer

During handling of the above exception, another exception occurred:

Traceback (most recent call last):
  File "/usr/local/lib/python3.6/wsgiref/handlers.py", line 141, in run
    self.handle_error()
  File "/usr/local/lib/python3.6/site-packages/Django-1.11-py3.6.egg/django/core/servers/basehttp.py", line 88, in handle_error
    super(ServerHandler, self).handle_error()
  File "/usr/local/lib/python3.6/wsgiref/handlers.py", line 368, in handle_error
    self.finish_response()
  File "/usr/local/lib/python3.6/wsgiref/handlers.py", line 180, in finish_response
    self.write(data)
  File "/usr/local/lib/python3.6/wsgiref/handlers.py", line 274, in write
    self.send_headers()
  File "/usr/local/lib/python3.6/wsgiref/handlers.py", line 331, in send_headers
    if not self.origin_server or self.client_is_modern():
  File "/usr/local/lib/python3.6/wsgiref/handlers.py", line 344, in client_is_modern
    return self.environ['SERVER_PROTOCOL'].upper() != 'HTTP/0.9'
TypeError: 'NoneType' object is not subscriptable

During handling of the above exception, another exception occurred:

Traceback (most recent call last):
  File "/usr/local/lib/python3.6/socketserver.py", line 639, in process_request_thread
    self.finish_request(request, client_address)
  File "/usr/local/lib/python3.6/socketserver.py", line 361, in finish_request
    self.RequestHandlerClass(request, client_address, self)
  File "/usr/local/lib/python3.6/socketserver.py", line 696, in __init__
    self.handle()
  File "/usr/local/lib/python3.6/site-packages/Django-1.11-py3.6.egg/django/core/servers/basehttp.py", line 155, in handle
    handler.run(self.server.get_app())
  File "/usr/local/lib/python3.6/wsgiref/handlers.py", line 144, in run
    self.close()
  File "/usr/local/lib/python3.6/wsgiref/simple_server.py", line 35, in close
    self.status.split(' ',1)[0], self.bytes_sent
AttributeError: 'NoneType' object has no attribute 'split'
----------------------------------------
[25/Apr/2017 14:57:54] "GET /index/?nsukey=IJMF6Zlg%2FJC5%2FTiYxiQgqHBFHffplS34CJBg51TeX%2FNWPDZixR45tkd4ZGXW2TfJ%2BzbP7PeVEEIREEkoFRLuNaKqDj9cySFMjs7%2BZVvrdg%2BHl2f5mgSUQJFXATuAQRnUtBt5WKRpeQK%2BTkWUVgIrAMhMSROjfjXk9Oxhh92yPPCA2ZV%2F2EApQkI%2B8WpkmCdl HTTP/1.1" 302 0
[25/Apr/2017 14:57:54] "GET /login/ HTTP/1.1" 200 1075
[25/Apr/2017 14:57:55] "GET /index/?nsukey=IJMF6Zlg%2FJC5%2FTiYxiQgqHBFHffplS34CJBg51TeX%2FNWPDZixR45tkd4ZGXW2TfJ%2BzbP7PeVEEIREEkoFRLuNaKqDj9cySFMjs7%2BZVvrdg%2BHl2f5mgSUQJFXATuAQRnUtBt5WKRpeQK%2BTkWUVgIrAMhMSROjfjXk9Oxhh92yPPCA2ZV%2F2EApQkI%2B8WpkmCdl HTTP/1.1" 302 0
----------------------------------------
Exception happened during processing of request from ('101.226.102.94', 60080)
Traceback (most recent call last):
  File "/usr/local/lib/python3.6/socketserver.py", line 639, in process_request_thread
    self.finish_request(request, client_address)
  File "/usr/local/lib/python3.6/socketserver.py", line 361, in finish_request
    self.RequestHandlerClass(request, client_address, self)
  File "/usr/local/lib/python3.6/socketserver.py", line 696, in __init__
    self.handle()
  File "/usr/local/lib/python3.6/site-packages/Django-1.11-py3.6.egg/django/core/servers/basehttp.py", line 140, in handle
    self.raw_requestline = self.rfile.readline(65537)
  File "/usr/local/lib/python3.6/socket.py", line 586, in readinto
    return self._sock.recv_into(b)
ConnectionResetError: [Errno 104] Connection reset by peer
----------------------------------------
[25/Apr/2017 14:57:55] "GET /login/ HTTP/1.1" 200 1075
[25/Apr/2017 14:57:56] "GET /index/?nsukey=IJMF6Zlg%2FJC5%2FTiYxiQgqHBFHffplS34CJBg51TeX%2FNWPDZixR45tkd4ZGXW2TfJ%2BzbP7PeVEEIREEkoFRLuNaKqDj9cySFMjs7%2BZVvrdg%2BHl2f5mgSUQJFXATuAQRnUtBt5WKRpeQK%2BTkWUVgIrAMhMSROjfjXk9Oxhh92yPPCA2ZV%2F2EApQkI%2B8WpkmCdl HTTP/1.1" 200 2198
[25/Apr/2017 14:58:00] "POST /survey/22/ HTTP/1.1" 200 2
[25/Apr/2017 14:58:02] "GET /survey/22 HTTP/1.1" 301 0
[25/Apr/2017 14:58:03] "GET /survey/22/?nsukey=4LN8L9%2F8fQ%2FeffxwYw00T%2FEIDTCnomqND%2F4YkkEDDF8T6OvCxTjDLbVJxb3nNCOnupdGmQonbSX5dLKp0OKV6A8o%2Be0mUh5jpxJ0jqZU1qludVeeLaPgBU3gPl%2FVy97nZ3Uk%2F9cdkhVZvXVjfuDpr3vMZQcyrJLfh9CSWGizHtOnkNnnhhRP9lWXO%2BD6Cshn HTTP/1.1" 302 0
[25/Apr/2017 14:58:04] "GET /index/?nsukey=IJMF6Zlg%2FJC5%2FTiYxiQgqHBFHffplS34CJBg51TeX%2FNWPDZixR45tkd4ZGXW2TfJ%2BzbP7PeVEEIREEkoFRLuNaKqDj9cySFMjs7%2BZVvrdg%2BHl2f5mgSUQJFXATuAQRnUtBt5WKRpeQK%2BTkWUVgIrAMhMSROjfjXk9Oxhh92yPPCA2ZV%2F2EApQkI%2B8WpkmCdl HTTP/1.1" 302 0
[25/Apr/2017 14:58:04] "GET /login/ HTTP/1.1" 200 1075
[25/Apr/2017 14:58:04] "GET /login/ HTTP/1.1" 200 1075
[25/Apr/2017 14:58:04] "GET /survey/22/?nsukey=4LN8L9%2F8fQ%2FeffxwYw00T%2FEIDTCnomqND%2F4YkkEDDF8T6OvCxTjDLbVJxb3nNCOnupdGmQonbSX5dLKp0OKV6A8o%2Be0mUh5jpxJ0jqZU1qludVeeLaPgBU3gPl%2FVy97nZ3Uk%2F9cdkhVZvXVjfuDpr3vMZQcyrJLfh9CSWGizHtOnkNnnhhRP9lWXO%2BD6Cshn HTTP/1.1" 302 0
[25/Apr/2017 14:58:04] "GET /login/ HTTP/1.1" 200 1075
[25/Apr/2017 14:58:05] "GET /survey/22/?nsukey=4LN8L9%2F8fQ%2FeffxwYw00T%2FEIDTCnomqND%2F4YkkEDDF8T6OvCxTjDLbVJxb3nNCOnupdGmQonbSX5dLKp0OKV6A8o%2Be0mUh5jpxJ0jqZU1qludVeeLaPgBU3gPl%2FVy97nZ3Uk%2F9cdkhVZvXVjfuDpr3vMZQcyrJLfh9CSWGizHtOnkNnnhhRP9lWXO%2BD6Cshn HTTP/1.1" 200 2827
[25/Apr/2017 14:58:05] "GET /static/css/survey.css HTTP/1.1" 200 3059
[25/Apr/2017 14:58:05] "GET /static/js/echart_basic.js HTTP/1.1" 200 3904
[25/Apr/2017 14:58:05] "GET /static/js/nicEdit-latest.js HTTP/1.1" 200 38295
[25/Apr/2017 14:58:05] "GET /static/js/survey.js HTTP/1.1" 200 1911
[25/Apr/2017 14:58:05] "GET /static/js/survey_create.js HTTP/1.1" 200 47828
[25/Apr/2017 14:58:05] "GET /static/js/survey_show.js HTTP/1.1" 200 28200
[25/Apr/2017 14:58:05] "GET /static/js/echarts.min.js HTTP/1.1" 200 618883
[25/Apr/2017 14:58:06] "GET /index/?nsukey=IJMF6Zlg%2FJC5%2FTiYxiQgqHBFHffplS34CJBg51TeX%2FNWPDZixR45tkd4ZGXW2TfJ%2BzbP7PeVEEIREEkoFRLuNaKqDj9cySFMjs7%2BZVvrdg%2BHl2f5mgSUQJFXATuAQRnUtBt5WKRpeQK%2BTkWUVgIrAMhMSROjfjXk9Oxhh92yPPCA2ZV%2F2EApQkI%2B8WpkmCdl HTTP/1.1" 302 0
[25/Apr/2017 14:58:06] "GET /login/ HTTP/1.1" 200 1075
[25/Apr/2017 14:58:07] "POST /survey/22/?nsukey=4LN8L9%2F8fQ%2FeffxwYw00T%2FEIDTCnomqND%2F4YkkEDDF8T6OvCxTjDLbVJxb3nNCOnupdGmQonbSX5dLKp0OKV6A8o%2Be0mUh5jpxJ0jqZU1qludVeeLaPgBU3gPl%2FVy97nZ3Uk%2F9cdkhVZvXVjfuDpr3vMZQcyrJLfh9CSWGizHtOnkNnnhhRP9lWXO%2BD6Cshn HTTP/1.1" 200 2098006
[25/Apr/2017 14:58:10] "POST /survey/22/ HTTP/1.1" 200 2
[25/Apr/2017 14:58:11] "GET /survey/22 HTTP/1.1" 301 0
[25/Apr/2017 14:58:11] "GET /survey/22/ HTTP/1.1" 302 0
[25/Apr/2017 14:58:11] "GET /login/ HTTP/1.1" 200 1075
[25/Apr/2017 14:58:13] "GET /survey/22/?nsukey=4LN8L9%2F8fQ%2FeffxwYw00T%2FEIDTCnomqND%2F4YkkEDDF8T6OvCxTjDLbVJxb3nNCOnupdGmQonbSX5dLKp0OKV6A8o%2Be0mUh5jpxJ0jqZU1qludVeeLaPgBU3gPl%2FVy97nZ3Uk%2F9cdkhVZvXVjfuDpr3vMZQcyrJLfh9CSWGizHtOnkNnnhhRP9lWXO%2BD6Cshn HTTP/1.1" 302 0
[25/Apr/2017 14:58:13] "GET /login/ HTTP/1.1" 200 1075
[25/Apr/2017 14:58:18] "POST /survey/22/?nsukey=4LN8L9%2F8fQ%2FeffxwYw00T%2FEIDTCnomqND%2F4YkkEDDF8T6OvCxTjDLbVJxb3nNCOnupdGmQonbSX5dLKp0OKV6A8o%2Be0mUh5jpxJ0jqZU1qludVeeLaPgBU3gPl%2FVy97nZ3Uk%2F9cdkhVZvXVjfuDpr3vMZQcyrJLfh9CSWGizHtOnkNnnhhRP9lWXO%2BD6Cshn HTTP/1.1" 200 2
[25/Apr/2017 14:58:19] "POST /survey/22/ HTTP/1.1" 200 2
[25/Apr/2017 14:58:28] "POST /survey/22/?nsukey=4LN8L9%2F8fQ%2FeffxwYw00T%2FEIDTCnomqND%2F4YkkEDDF8T6OvCxTjDLbVJxb3nNCOnupdGmQonbSX5dLKp0OKV6A8o%2Be0mUh5jpxJ0jqZU1qludVeeLaPgBU3gPl%2FVy97nZ3Uk%2F9cdkhVZvXVjfuDpr3vMZQcyrJLfh9CSWGizHtOnkNnnhhRP9lWXO%2BD6Cshn HTTP/1.1" 200 2
[25/Apr/2017 14:58:30] "POST /survey/22/ HTTP/1.1" 200 2
[25/Apr/2017 14:58:39] "POST /survey/22/?nsukey=4LN8L9%2F8fQ%2FeffxwYw00T%2FEIDTCnomqND%2F4YkkEDDF8T6OvCxTjDLbVJxb3nNCOnupdGmQonbSX5dLKp0OKV6A8o%2Be0mUh5jpxJ0jqZU1qludVeeLaPgBU3gPl%2FVy97nZ3Uk%2F9cdkhVZvXVjfuDpr3vMZQcyrJLfh9CSWGizHtOnkNnnhhRP9lWXO%2BD6Cshn HTTP/1.1" 200 2
[25/Apr/2017 14:58:39] "POST /survey/22/ HTTP/1.1" 200 2
[25/Apr/2017 14:58:48] "POST /survey/22/?nsukey=4LN8L9%2F8fQ%2FeffxwYw00T%2FEIDTCnomqND%2F4YkkEDDF8T6OvCxTjDLbVJxb3nNCOnupdGmQonbSX5dLKp0OKV6A8o%2Be0mUh5jpxJ0jqZU1qludVeeLaPgBU3gPl%2FVy97nZ3Uk%2F9cdkhVZvXVjfuDpr3vMZQcyrJLfh9CSWGizHtOnkNnnhhRP9lWXO%2BD6Cshn HTTP/1.1" 200 2
[25/Apr/2017 14:58:49] "POST /survey/22/ HTTP/1.1" 200 2
[25/Apr/2017 14:58:51] "GET /survey/22/ HTTP/1.1" 200 2971
[25/Apr/2017 14:58:52] "POST /survey/22/ HTTP/1.1" 200 2083400
[25/Apr/2017 14:58:55] "GET /profile/23/ HTTP/1.1" 200 2847
[25/Apr/2017 14:58:58] "GET /survey/22/ HTTP/1.1" 200 2971
[25/Apr/2017 14:58:58] "POST /survey/22/?nsukey=4LN8L9%2F8fQ%2FeffxwYw00T%2FEIDTCnomqND%2F4YkkEDDF8T6OvCxTjDLbVJxb3nNCOnupdGmQonbSX5dLKp0OKV6A8o%2Be0mUh5jpxJ0jqZU1qludVeeLaPgBU3gPl%2FVy97nZ3Uk%2F9cdkhVZvXVjfuDpr3vMZQcyrJLfh9CSWGizHtOnkNnnhhRP9lWXO%2BD6Cshn HTTP/1.1" 200 2
[25/Apr/2017 14:58:59] "POST /survey/22/ HTTP/1.1" 200 2083400
[25/Apr/2017 14:59:08] "POST /survey/22/?nsukey=4LN8L9%2F8fQ%2FeffxwYw00T%2FEIDTCnomqND%2F4YkkEDDF8T6OvCxTjDLbVJxb3nNCOnupdGmQonbSX5dLKp0OKV6A8o%2Be0mUh5jpxJ0jqZU1qludVeeLaPgBU3gPl%2FVy97nZ3Uk%2F9cdkhVZvXVjfuDpr3vMZQcyrJLfh9CSWGizHtOnkNnnhhRP9lWXO%2BD6Cshn HTTP/1.1" 200 2
[25/Apr/2017 14:59:11] "POST /survey/22/ HTTP/1.1" 200 2
[25/Apr/2017 14:59:19] "POST /survey/22/?nsukey=4LN8L9%2F8fQ%2FeffxwYw00T%2FEIDTCnomqND%2F4YkkEDDF8T6OvCxTjDLbVJxb3nNCOnupdGmQonbSX5dLKp0OKV6A8o%2Be0mUh5jpxJ0jqZU1qludVeeLaPgBU3gPl%2FVy97nZ3Uk%2F9cdkhVZvXVjfuDpr3vMZQcyrJLfh9CSWGizHtOnkNnnhhRP9lWXO%2BD6Cshn HTTP/1.1" 200 2
[25/Apr/2017 14:59:19] "POST /survey/22/ HTTP/1.1" 200 2
[25/Apr/2017 14:59:29] "POST /survey/22/ HTTP/1.1" 200 2
[25/Apr/2017 14:59:29] "POST /survey/22/?nsukey=4LN8L9%2F8fQ%2FeffxwYw00T%2FEIDTCnomqND%2F4YkkEDDF8T6OvCxTjDLbVJxb3nNCOnupdGmQonbSX5dLKp0OKV6A8o%2Be0mUh5jpxJ0jqZU1qludVeeLaPgBU3gPl%2FVy97nZ3Uk%2F9cdkhVZvXVjfuDpr3vMZQcyrJLfh9CSWGizHtOnkNnnhhRP9lWXO%2BD6Cshn HTTP/1.1" 200 2
[25/Apr/2017 14:59:39] "POST /survey/22/?nsukey=4LN8L9%2F8fQ%2FeffxwYw00T%2FEIDTCnomqND%2F4YkkEDDF8T6OvCxTjDLbVJxb3nNCOnupdGmQonbSX5dLKp0OKV6A8o%2Be0mUh5jpxJ0jqZU1qludVeeLaPgBU3gPl%2FVy97nZ3Uk%2F9cdkhVZvXVjfuDpr3vMZQcyrJLfh9CSWGizHtOnkNnnhhRP9lWXO%2BD6Cshn HTTP/1.1" 200 2
[25/Apr/2017 14:59:39] "POST /survey/22/ HTTP/1.1" 200 2
[25/Apr/2017 14:59:49] "POST /survey/22/?nsukey=4LN8L9%2F8fQ%2FeffxwYw00T%2FEIDTCnomqND%2F4YkkEDDF8T6OvCxTjDLbVJxb3nNCOnupdGmQonbSX5dLKp0OKV6A8o%2Be0mUh5jpxJ0jqZU1qludVeeLaPgBU3gPl%2FVy97nZ3Uk%2F9cdkhVZvXVjfuDpr3vMZQcyrJLfh9CSWGizHtOnkNnnhhRP9lWXO%2BD6Cshn HTTP/1.1" 200 2
[25/Apr/2017 14:59:49] "POST /survey/22/ HTTP/1.1" 200 2
[25/Apr/2017 14:59:59] "POST /survey/22/ HTTP/1.1" 200 2
[25/Apr/2017 15:00:08] "GET /index/ HTTP/1.1" 200 2198
[25/Apr/2017 15:00:09] "POST /survey/22/ HTTP/1.1" 200 2
[25/Apr/2017 15:00:19] "POST /survey/22/ HTTP/1.1" 200 2
[25/Apr/2017 15:00:22] "GET /static/js/csrf.js HTTP/1.1" 304 0
[25/Apr/2017 15:00:22] "GET /static/js/index.js HTTP/1.1" 304 0
[25/Apr/2017 15:00:22] "GET /static/js/header_footer.js HTTP/1.1" 304 0
[25/Apr/2017 15:00:22] "GET /static/js/jquery-3.1.1.min.js HTTP/1.1" 304 0
[25/Apr/2017 15:00:22] "GET /static/bootstrap/js/bootstrap.min.js HTTP/1.1" 304 0
[25/Apr/2017 15:00:22] "GET /static/bootstrap/css/bootstrap.min.css HTTP/1.1" 304 0
[25/Apr/2017 15:00:22] "GET /static/bootstrap/fonts/glyphicons-halflings-regular.woff HTTP/1.1" 304 0
[25/Apr/2017 15:00:22] "GET / HTTP/1.1" 200 7018
[25/Apr/2017 15:00:29] "GET /survey/22 HTTP/1.1" 301 0
[25/Apr/2017 15:00:29] "POST /survey/22/ HTTP/1.1" 200 2
[25/Apr/2017 15:00:29] "GET /survey/22/ HTTP/1.1" 200 3263
[25/Apr/2017 15:00:30] "GET /static/js/nicEdit-latest.js HTTP/1.1" 304 0
[25/Apr/2017 15:00:30] "GET /static/css/survey.css HTTP/1.1" 304 0
[25/Apr/2017 15:00:30] "GET /static/js/survey_create.js HTTP/1.1" 304 0
[25/Apr/2017 15:00:30] "GET /static/js/survey.js HTTP/1.1" 304 0
[25/Apr/2017 15:00:30] "GET /static/js/echart_basic.js HTTP/1.1" 304 0
[25/Apr/2017 15:00:30] "GET /static/js/survey_show.js HTTP/1.1" 304 0
[25/Apr/2017 15:00:30] "GET /static/js/echarts.min.js HTTP/1.1" 304 0
[25/Apr/2017 15:00:32] "POST /survey/22/ HTTP/1.1" 200 2025234
[25/Apr/2017 15:00:39] "POST /survey/22/ HTTP/1.1" 200 2
[25/Apr/2017 15:00:43] "POST /survey/22/ HTTP/1.1" 200 2
[25/Apr/2017 15:00:49] "POST /survey/22/ HTTP/1.1" 200 2
[25/Apr/2017 15:00:53] "POST /survey/22/ HTTP/1.1" 200 2
[25/Apr/2017 15:00:59] "POST /survey/22/ HTTP/1.1" 200 2
[25/Apr/2017 15:01:09] "POST /survey/22/ HTTP/1.1" 200 2
[25/Apr/2017 15:01:19] "POST /survey/22/ HTTP/1.1" 200 2
[25/Apr/2017 15:01:29] "POST /survey/22/ HTTP/1.1" 200 2
[25/Apr/2017 15:01:39] "POST /survey/22/ HTTP/1.1" 200 2
[25/Apr/2017 15:01:50] "POST /survey/22/ HTTP/1.1" 200 2
[25/Apr/2017 15:01:59] "POST /survey/22/ HTTP/1.1" 200 2
[25/Apr/2017 15:02:09] "POST /survey/22/ HTTP/1.1" 200 2
[25/Apr/2017 15:02:19] "POST /survey/22/ HTTP/1.1" 200 2
[25/Apr/2017 15:02:29] "POST /survey/22/ HTTP/1.1" 200 2
[25/Apr/2017 15:02:39] "POST /survey/22/ HTTP/1.1" 200 2
[25/Apr/2017 15:02:49] "POST /survey/22/ HTTP/1.1" 200 2
[25/Apr/2017 15:02:59] "POST /survey/22/ HTTP/1.1" 200 2
[25/Apr/2017 15:03:09] "POST /survey/22/ HTTP/1.1" 200 2
[25/Apr/2017 15:03:19] "POST /survey/22/ HTTP/1.1" 200 2
[25/Apr/2017 15:03:29] "POST /survey/22/ HTTP/1.1" 200 2
[25/Apr/2017 15:03:39] "POST /survey/22/ HTTP/1.1" 200 2
[25/Apr/2017 15:03:49] "POST /survey/22/ HTTP/1.1" 200 2
[25/Apr/2017 15:03:59] "POST /survey/22/ HTTP/1.1" 200 2
[25/Apr/2017 15:04:09] "POST /survey/22/ HTTP/1.1" 200 2
[25/Apr/2017 15:04:19] "POST /survey/22/ HTTP/1.1" 200 2
[25/Apr/2017 15:04:29] "POST /survey/22/ HTTP/1.1" 200 2
[25/Apr/2017 15:04:41] "POST /survey/22/ HTTP/1.1" 200 2
[25/Apr/2017 15:04:49] "POST /survey/22/ HTTP/1.1" 200 2
[25/Apr/2017 15:04:59] "POST /survey/22/ HTTP/1.1" 200 2
[25/Apr/2017 15:05:09] "POST /survey/22/ HTTP/1.1" 200 2
[25/Apr/2017 15:05:19] "POST /survey/22/ HTTP/1.1" 200 2
[25/Apr/2017 15:05:29] "POST /survey/22/ HTTP/1.1" 200 2
[25/Apr/2017 15:05:39] "POST /survey/22/ HTTP/1.1" 200 2
[25/Apr/2017 15:05:49] "POST /survey/22/ HTTP/1.1" 200 2
[25/Apr/2017 15:05:59] "POST /survey/22/ HTTP/1.1" 200 2
[25/Apr/2017 15:06:09] "POST /survey/22/ HTTP/1.1" 200 2
[25/Apr/2017 15:06:19] "POST /survey/22/ HTTP/1.1" 200 2
[25/Apr/2017 15:06:29] "POST /survey/22/ HTTP/1.1" 200 2
[25/Apr/2017 15:06:39] "POST /survey/22/ HTTP/1.1" 200 2
[25/Apr/2017 15:06:49] "POST /survey/22/ HTTP/1.1" 200 2
[25/Apr/2017 15:06:59] "POST /survey/22/ HTTP/1.1" 200 2
[25/Apr/2017 15:07:09] "POST /survey/22/ HTTP/1.1" 200 2
[25/Apr/2017 15:07:19] "POST /survey/22/ HTTP/1.1" 200 2
[25/Apr/2017 15:07:33] "POST /survey/22/ HTTP/1.1" 200 2
[25/Apr/2017 15:07:42] "POST /survey/22/ HTTP/1.1" 200 2
[25/Apr/2017 15:07:49] "GET / HTTP/1.1" 302 0
[25/Apr/2017 15:07:49] "GET /login/ HTTP/1.1" 200 1075
[25/Apr/2017 15:07:49] "GET /static/bootstrap/css/bootstrap.min.css HTTP/1.1" 200 114011
[25/Apr/2017 15:07:50] "GET /static/bootstrap/fonts/glyphicons-halflings-regular.eot? HTTP/1.1" 200 20335
Not Found: /favicon.ico
[25/Apr/2017 15:07:50] "GET /favicon.ico HTTP/1.1" 404 3425
[25/Apr/2017 15:07:53] "POST /survey/22/ HTTP/1.1" 200 2
[25/Apr/2017 15:07:55] "POST /login/ HTTP/1.1" 302 0
[25/Apr/2017 15:07:55] "GET /index/ HTTP/1.1" 200 2201
[25/Apr/2017 15:07:55] "GET /static/js/csrf.js HTTP/1.1" 200 1690
[25/Apr/2017 15:07:55] "GET /static/js/jquery-3.1.1.min.js HTTP/1.1" 200 86709
[25/Apr/2017 15:07:55] "GET /static/js/index.js HTTP/1.1" 200 848
[25/Apr/2017 15:07:55] "GET /static/js/header_footer.js HTTP/1.1" 200 253
[25/Apr/2017 15:07:55] "GET /static/bootstrap/js/bootstrap.min.js HTTP/1.1" 200 34654
Not Found: /favicon.ico
[25/Apr/2017 15:07:55] "GET /favicon.ico HTTP/1.1" 404 3425
[25/Apr/2017 15:07:56] "GET /survey/22 HTTP/1.1" 301 0
[25/Apr/2017 15:07:56] "GET /survey/22/ HTTP/1.1" 200 2971
[25/Apr/2017 15:07:56] "GET /static/js/echart_basic.js HTTP/1.1" 200 3904
[25/Apr/2017 15:07:56] "GET /static/js/survey.js HTTP/1.1" 200 1911
[25/Apr/2017 15:07:56] "GET /static/css/survey.css HTTP/1.1" 200 3059
[25/Apr/2017 15:07:56] "GET /static/js/nicEdit-latest.js HTTP/1.1" 200 38295
[25/Apr/2017 15:07:56] "GET /static/js/survey_create.js HTTP/1.1" 200 47828
[25/Apr/2017 15:07:56] "GET /static/js/survey_show.js HTTP/1.1" 200 28200
[25/Apr/2017 15:07:56] "GET /static/js/echarts.min.js HTTP/1.1" 200 618883
[25/Apr/2017 15:07:57] "POST /survey/22/ HTTP/1.1" 200 2083400
[25/Apr/2017 15:08:01] "POST /survey/22/ HTTP/1.1" 200 2
[25/Apr/2017 15:08:10] "POST /survey/22/ HTTP/1.1" 200 2
[25/Apr/2017 15:08:21] "POST /survey/22/ HTTP/1.1" 200 2
[25/Apr/2017 15:08:31] "POST /survey/22/ HTTP/1.1" 200 2
[25/Apr/2017 15:08:40] "POST /survey/22/ HTTP/1.1" 200 2
[25/Apr/2017 15:08:54] "POST /survey/22/ HTTP/1.1" 200 2
[25/Apr/2017 15:09:00] "POST /survey/22/ HTTP/1.1" 200 2
[25/Apr/2017 15:09:11] "POST /survey/22/ HTTP/1.1" 200 2
[25/Apr/2017 15:09:12] "GET /survey/22/ HTTP/1.1" 200 2971
[25/Apr/2017 15:09:12] "GET /static/bootstrap/css/bootstrap.min.css HTTP/1.1" 304 0
[25/Apr/2017 15:09:12] "GET /static/css/survey.css HTTP/1.1" 304 0
[25/Apr/2017 15:09:12] "GET /static/js/jquery-3.1.1.min.js HTTP/1.1" 304 0
[25/Apr/2017 15:09:12] "GET /static/bootstrap/fonts/glyphicons-halflings-regular.eot? HTTP/1.1" 304 0
[25/Apr/2017 15:09:13] "GET /static/js/nicEdit-latest.js HTTP/1.1" 304 0
[25/Apr/2017 15:09:13] "GET /static/js/csrf.js HTTP/1.1" 304 0
[25/Apr/2017 15:09:13] "GET /static/bootstrap/js/bootstrap.min.js HTTP/1.1" 304 0
[25/Apr/2017 15:09:13] "GET /static/js/header_footer.js HTTP/1.1" 304 0
[25/Apr/2017 15:09:13] "GET /static/js/echarts.min.js HTTP/1.1" 304 0
[25/Apr/2017 15:09:13] "GET /static/js/echart_basic.js HTTP/1.1" 304 0
[25/Apr/2017 15:09:13] "GET /static/js/survey.js HTTP/1.1" 304 0
[25/Apr/2017 15:09:13] "GET /static/js/survey_create.js HTTP/1.1" 304 0
[25/Apr/2017 15:09:13] "GET /static/js/survey_show.js HTTP/1.1" 304 0
[25/Apr/2017 15:09:14] "POST /survey/22/ HTTP/1.1" 200 2083400
[25/Apr/2017 15:09:23] "POST /survey/22/ HTTP/1.1" 200 2
[25/Apr/2017 15:09:30] "POST /survey/22/ HTTP/1.1" 200 2
[25/Apr/2017 15:09:39] "POST /survey/22/ HTTP/1.1" 200 2
[25/Apr/2017 15:09:49] "POST /survey/22/ HTTP/1.1" 200 2
[25/Apr/2017 15:09:59] "POST /survey/22/ HTTP/1.1" 200 2
[25/Apr/2017 15:10:09] "POST /survey/22/ HTTP/1.1" 200 2
[25/Apr/2017 15:10:19] "POST /survey/22/ HTTP/1.1" 200 2
[25/Apr/2017 15:10:29] "POST /survey/22/ HTTP/1.1" 200 2
[25/Apr/2017 15:10:39] "POST /survey/22/ HTTP/1.1" 200 2
[25/Apr/2017 15:10:49] "POST /survey/22/ HTTP/1.1" 200 2
[25/Apr/2017 15:10:59] "POST /survey/22/ HTTP/1.1" 200 2
[25/Apr/2017 15:11:09] "POST /survey/22/ HTTP/1.1" 200 2
[25/Apr/2017 15:11:19] "POST /survey/22/ HTTP/1.1" 200 2
[25/Apr/2017 15:11:19] "GET /survey/22/ HTTP/1.1" 200 2977
[25/Apr/2017 15:11:20] "POST /survey/22/ HTTP/1.1" 200 2083400
[25/Apr/2017 15:11:30] "GET /survey/22/ HTTP/1.1" 200 2977
[25/Apr/2017 15:11:30] "GET /static/bootstrap/css/bootstrap.min.css HTTP/1.1" 304 0
[25/Apr/2017 15:11:30] "GET /static/css/survey.css HTTP/1.1" 304 0
[25/Apr/2017 15:11:30] "GET /static/js/jquery-3.1.1.min.js HTTP/1.1" 304 0
[25/Apr/2017 15:11:30] "GET /static/bootstrap/fonts/glyphicons-halflings-regular.eot? HTTP/1.1" 304 0
[25/Apr/2017 15:11:30] "GET /static/js/nicEdit-latest.js HTTP/1.1" 304 0
[25/Apr/2017 15:11:30] "GET /static/js/csrf.js HTTP/1.1" 304 0
[25/Apr/2017 15:11:30] "GET /static/bootstrap/js/bootstrap.min.js HTTP/1.1" 304 0
[25/Apr/2017 15:11:30] "GET /static/js/header_footer.js HTTP/1.1" 304 0
[25/Apr/2017 15:11:30] "GET /static/js/echarts.min.js HTTP/1.1" 304 0
[25/Apr/2017 15:11:31] "GET /static/js/echart_basic.js HTTP/1.1" 304 0
[25/Apr/2017 15:11:31] "GET /static/js/survey.js HTTP/1.1" 304 0
[25/Apr/2017 15:11:31] "GET /static/js/survey_create.js HTTP/1.1" 304 0
[25/Apr/2017 15:11:31] "GET /static/js/survey_show.js HTTP/1.1" 304 0
[25/Apr/2017 15:11:31] "POST /survey/22/ HTTP/1.1" 200 2083400
[25/Apr/2017 15:11:31] "POST /survey/22/ HTTP/1.1" 200 2
[25/Apr/2017 15:11:40] "POST /survey/22/ HTTP/1.1" 200 2
[25/Apr/2017 15:11:50] "POST /survey/22/ HTTP/1.1" 200 2
[25/Apr/2017 15:12:01] "POST /survey/22/ HTTP/1.1" 200 2
[25/Apr/2017 15:12:10] "POST /survey/22/ HTTP/1.1" 200 2
[25/Apr/2017 15:12:21] "POST /survey/22/ HTTP/1.1" 200 2
[25/Apr/2017 15:12:30] "POST /survey/22/ HTTP/1.1" 200 2
[25/Apr/2017 15:12:42] "POST /survey/22/ HTTP/1.1" 200 2
[25/Apr/2017 15:12:51] "POST /survey/22/ HTTP/1.1" 200 2
[25/Apr/2017 15:12:57] "GET /index/ HTTP/1.1" 200 7018
[25/Apr/2017 15:12:57] "GET /static/js/jquery-3.1.1.min.js HTTP/1.1" 304 0
[25/Apr/2017 15:12:57] "GET /static/js/index.js HTTP/1.1" 304 0
[25/Apr/2017 15:12:57] "GET /static/bootstrap/css/bootstrap.min.css HTTP/1.1" 304 0
[25/Apr/2017 15:12:57] "GET /static/js/header_footer.js HTTP/1.1" 304 0
[25/Apr/2017 15:12:57] "GET /static/js/csrf.js HTTP/1.1" 304 0
[25/Apr/2017 15:12:57] "GET /static/bootstrap/js/bootstrap.min.js HTTP/1.1" 304 0
[25/Apr/2017 15:12:57] "GET /static/bootstrap/fonts/glyphicons-halflings-regular.woff HTTP/1.1" 304 0
[25/Apr/2017 15:12:59] "GET /survey/23 HTTP/1.1" 301 0
[25/Apr/2017 15:12:59] "GET /survey/23/ HTTP/1.1" 200 5508
[25/Apr/2017 15:12:59] "GET /static/css/survey.css HTTP/1.1" 304 0
[25/Apr/2017 15:12:59] "GET /static/js/nicEdit-latest.js HTTP/1.1" 304 0
[25/Apr/2017 15:12:59] "GET /static/js/echart_basic.js HTTP/1.1" 304 0
[25/Apr/2017 15:12:59] "GET /static/js/echarts.min.js HTTP/1.1" 304 0
[25/Apr/2017 15:12:59] "GET /static/js/survey_create.js HTTP/1.1" 304 0
[25/Apr/2017 15:12:59] "GET /static/js/survey.js HTTP/1.1" 304 0
[25/Apr/2017 15:12:59] "GET /static/js/survey_show.js HTTP/1.1" 304 0
[25/Apr/2017 15:12:59] "POST /survey/23/ HTTP/1.1" 200 2030129
[25/Apr/2017 15:13:00] "POST /survey/22/ HTTP/1.1" 200 2
[25/Apr/2017 15:13:11] "POST /survey/22/ HTTP/1.1" 200 2
Not Found: /favicon.ico
[25/Apr/2017 15:14:24] "GET /favicon.ico HTTP/1.1" 404 3425
[25/Apr/2017 15:14:25] "GET / HTTP/1.1" 302 0
[25/Apr/2017 15:14:26] "GET /login/ HTTP/1.1" 200 1075
[25/Apr/2017 15:14:26] "GET /static/bootstrap/css/bootstrap.min.css HTTP/1.1" 200 114011
[25/Apr/2017 15:14:26] "GET /static/bootstrap/fonts/glyphicons-halflings-regular.eot HTTP/1.1" 200 20335
[25/Apr/2017 15:14:54] "POST /login/ HTTP/1.1" 302 0
[25/Apr/2017 15:14:55] "GET /index/ HTTP/1.1" 200 2201
[25/Apr/2017 15:14:55] "GET /static/js/csrf.js HTTP/1.1" 200 1690
[25/Apr/2017 15:14:55] "GET /static/js/index.js HTTP/1.1" 200 848
[25/Apr/2017 15:14:55] "GET /static/js/header_footer.js HTTP/1.1" 200 253
[25/Apr/2017 15:14:55] "GET /static/js/jquery-3.1.1.min.js HTTP/1.1" 200 86709
[25/Apr/2017 15:14:55] "GET /static/bootstrap/js/bootstrap.min.js HTTP/1.1" 200 34654
[25/Apr/2017 15:14:57] "GET /survey/22 HTTP/1.1" 301 0
[25/Apr/2017 15:14:57] "GET /survey/22/ HTTP/1.1" 200 2977
[25/Apr/2017 15:14:57] "GET /static/css/survey.css HTTP/1.1" 200 3059
[25/Apr/2017 15:14:57] "GET /static/js/echart_basic.js HTTP/1.1" 200 3904
[25/Apr/2017 15:14:57] "GET /static/js/nicEdit-latest.js HTTP/1.1" 200 38295
[25/Apr/2017 15:14:57] "GET /static/js/survey.js HTTP/1.1" 200 1911
[25/Apr/2017 15:14:57] "GET /static/js/survey_create.js HTTP/1.1" 200 47828
[25/Apr/2017 15:14:57] "GET /static/js/survey_show.js HTTP/1.1" 200 28200
[25/Apr/2017 15:14:57] "GET /static/js/echarts.min.js HTTP/1.1" 200 618883
